2019-06-16 14:42:48,080 - Velocimacro : autoload off : VM system will not automatically reload global library macros
2019-06-16 14:42:48,096 - ResourceManager : found generatorConfig.vm with loader org.apache.velocity.runtime.resource.loader.FileResourceLoader
2019-06-16 14:42:48,099 - Null reference [template 'generatorConfig.vm', line 49, column 38] : ${generator.jdbc.driver} cannot be resolved.
2019-06-16 14:42:48,099 - Null reference [template 'generatorConfig.vm', line 50, column 40] : ${generator.jdbc.url} cannot be resolved.
2019-06-16 14:42:48,099 - Null reference [template 'generatorConfig.vm', line 51, column 33] : ${generator.jdbc.username} cannot be resolved.
2019-06-16 14:42:48,405 - ResourceManager : found Service.vm with loader org.apache.velocity.runtime.resource.loader.FileResourceLoader
2019-06-16 14:42:48,407 - ResourceManager : found ServiceMock.vm with loader org.apache.velocity.runtime.resource.loader.FileResourceLoader
2019-06-16 14:42:48,424 - ResourceManager : found ServiceImpl.vm with loader org.apache.velocity.runtime.resource.loader.FileResourceLoader
2019-06-16 14:42:48,426 - ResourceManager : found Service.vm with loader org.apache.velocity.runtime.resource.loader.FileResourceLoader
2019-06-16 14:42:48,427 - ResourceManager : found ServiceMock.vm with loader org.apache.velocity.runtime.resource.loader.FileResourceLoader
2019-06-16 14:42:48,429 - ResourceManager : found ServiceImpl.vm with loader org.apache.velocity.runtime.resource.loader.FileResourceLoader
2019-06-16 14:42:48,430 - ResourceManager : found Service.vm with loader org.apache.velocity.runtime.resource.loader.FileResourceLoader
2019-06-16 14:42:48,432 - ResourceManager : found ServiceMock.vm with loader org.apache.velocity.runtime.resource.loader.FileResourceLoader
2019-06-16 14:42:48,433 - ResourceManager : found ServiceImpl.vm with loader org.apache.velocity.runtime.resource.loader.FileResourceLoader
2019-06-16 14:42:48,434 - ResourceManager : found Service.vm with loader org.apache.velocity.runtime.resource.loader.FileResourceLoader
2019-06-16 14:42:48,435 - ResourceManager : found ServiceMock.vm with loader org.apache.velocity.runtime.resource.loader.FileResourceLoader
2019-06-16 14:42:48,437 - ResourceManager : found ServiceImpl.vm with loader org.apache.velocity.runtime.resource.loader.FileResourceLoader
2019-06-16 14:42:48,438 - ResourceManager : found Service.vm with loader org.apache.velocity.runtime.resource.loader.FileResourceLoader
2019-06-16 14:42:48,439 - ResourceManager : found ServiceMock.vm with loader org.apache.velocity.runtime.resource.loader.FileResourceLoader
2019-06-16 14:42:48,440 - ResourceManager : found ServiceImpl.vm with loader org.apache.velocity.runtime.resource.loader.FileResourceLoader
2019-06-16 14:42:48,441 - ResourceManager : found Service.vm with loader org.apache.velocity.runtime.resource.loader.FileResourceLoader
2019-06-16 14:42:48,442 - ResourceManager : found ServiceMock.vm with loader org.apache.velocity.runtime.resource.loader.FileResourceLoader
2019-06-16 14:42:48,443 - ResourceManager : found ServiceImpl.vm with loader org.apache.velocity.runtime.resource.loader.FileResourceLoader
2019-06-16 14:42:48,444 - ResourceManager : found Service.vm with loader org.apache.velocity.runtime.resource.loader.FileResourceLoader
2019-06-16 14:42:48,445 - ResourceManager : found ServiceMock.vm with loader org.apache.velocity.runtime.resource.loader.FileResourceLoader
2019-06-16 14:42:48,446 - ResourceManager : found ServiceImpl.vm with loader org.apache.velocity.runtime.resource.loader.FileResourceLoader
2019-06-16 14:42:48,447 - ResourceManager : found Service.vm with loader org.apache.velocity.runtime.resource.loader.FileResourceLoader
2019-06-16 14:42:48,448 - ResourceManager : found ServiceMock.vm with loader org.apache.velocity.runtime.resource.loader.FileResourceLoader
2019-06-16 14:42:48,449 - ResourceManager : found ServiceImpl.vm with loader org.apache.velocity.runtime.resource.loader.FileResourceLoader
2019-06-16 14:42:48,450 - ResourceManager : found Service.vm with loader org.apache.velocity.runtime.resource.loader.FileResourceLoader
2019-06-16 14:42:48,451 - ResourceManager : found ServiceMock.vm with loader org.apache.velocity.runtime.resource.loader.FileResourceLoader
2019-06-16 14:42:48,452 - ResourceManager : found ServiceImpl.vm with loader org.apache.velocity.runtime.resource.loader.FileResourceLoader
2019-06-16 14:42:48,453 - ResourceManager : found Service.vm with loader org.apache.velocity.runtime.resource.loader.FileResourceLoader
2019-06-16 14:42:48,453 - ResourceManager : found ServiceMock.vm with loader org.apache.velocity.runtime.resource.loader.FileResourceLoader
2019-06-16 14:42:48,454 - ResourceManager : found ServiceImpl.vm with loader org.apache.velocity.runtime.resource.loader.FileResourceLoader
2019-06-16 14:42:48,455 - ResourceManager : found Service.vm with loader org.apache.velocity.runtime.resource.loader.FileResourceLoader
2019-06-16 14:42:48,456 - ResourceManager : found ServiceMock.vm with loader org.apache.velocity.runtime.resource.loader.FileResourceLoader
2019-06-16 14:42:48,457 - ResourceManager : found ServiceImpl.vm with loader org.apache.velocity.runtime.resource.loader.FileResourceLoader
2019-06-16 14:50:23,679 - Log4JLogChute initialized using file 'velocity.log'
2019-06-16 14:50:23,679 - Initializing Velocity, Calling init()...
2019-06-16 14:50:23,679 - Starting Apache Velocity v1.7 (compiled: 2010-11-19 12:14:37)
2019-06-16 14:50:23,679 - Default Properties File: org\apache\velocity\runtime\defaults\velocity.properties
2019-06-16 14:50:23,679 - Trying to use logger class org.apache.velocity.runtime.log.AvalonLogChute
2019-06-16 14:50:23,679 - Target log system for org.apache.velocity.runtime.log.AvalonLogChute is not available (java.lang.NoClassDefFoundError: org/apache/log/format/Formatter).  Falling back to next log system...
2019-06-16 14:50:23,679 - Trying to use logger class org.apache.velocity.runtime.log.Log4JLogChute
2019-06-16 14:50:23,679 - Using logger class org.apache.velocity.runtime.log.Log4JLogChute
2019-06-16 14:50:23,679 - ResourceLoader instantiated: org.apache.velocity.runtime.resource.loader.FileResourceLoader
2019-06-16 14:50:23,679 - Do unicode file recognition:  false
2019-06-16 14:50:23,679 - FileResourceLoader : adding path 'E:/taotao-parent/taotao-common/target/classes/template/'
2019-06-16 14:50:23,695 - ResourceCache: initialized (class org.apache.velocity.runtime.resource.ResourceCacheImpl) with class java.util.Collections$SynchronizedMap cache map.
2019-06-16 14:50:23,695 - Loaded System Directive: org.apache.velocity.runtime.directive.Stop
2019-06-16 14:50:23,695 - Loaded System Directive: org.apache.velocity.runtime.directive.Define
2019-06-16 14:50:23,695 - Loaded System Directive: org.apache.velocity.runtime.directive.Break
2019-06-16 14:50:23,695 - Loaded System Directive: org.apache.velocity.runtime.directive.Evaluate
2019-06-16 14:50:23,695 - Loaded System Directive: org.apache.velocity.runtime.directive.Literal
2019-06-16 14:50:23,695 - Loaded System Directive: org.apache.velocity.runtime.directive.Macro
2019-06-16 14:50:23,695 - Loaded System Directive: org.apache.velocity.runtime.directive.Parse
2019-06-16 14:50:23,695 - Loaded System Directive: org.apache.velocity.runtime.directive.Include
2019-06-16 14:50:23,695 - Loaded System Directive: org.apache.velocity.runtime.directive.Foreach
2019-06-16 14:50:23,727 - Created '20' parsers.
2019-06-16 14:50:23,732 - Velocimacro : "velocimacro.library" is not set.  Trying default library: VM_global_library.vm
2019-06-16 14:50:23,732 - Velocimacro : Default library not found.
2019-06-16 14:50:23,732 - Velocimacro : allowInline = true : VMs can be defined inline in templates
2019-06-16 14:50:23,732 - Velocimacro : allowInlineToOverride = false : VMs defined inline may NOT replace previous VM definitions
2019-06-16 14:50:23,732 - Velocimacro : allowInlineLocal = false : VMs defined inline will be global in scope if allowed.
2019-06-16 14:50:23,732 - Velocimacro : autoload off : VM system will not automatically reload global library macros
2019-06-16 14:50:23,748 - ResourceManager : found generatorConfig.vm with loader org.apache.velocity.runtime.resource.loader.FileResourceLoader
2019-06-16 14:50:23,748 - Null reference [template 'generatorConfig.vm', line 49, column 38] : ${generator.jdbc.driver} cannot be resolved.
2019-06-16 14:50:23,748 - Null reference [template 'generatorConfig.vm', line 50, column 40] : ${generator.jdbc.url} cannot be resolved.
2019-06-16 14:50:23,748 - Null reference [template 'generatorConfig.vm', line 51, column 33] : ${generator.jdbc.username} cannot be resolved.
2019-06-16 14:50:24,028 - ResourceManager : found Service.vm with loader org.apache.velocity.runtime.resource.loader.FileResourceLoader
2019-06-16 14:50:24,030 - ResourceManager : found ServiceMock.vm with loader org.apache.velocity.runtime.resource.loader.FileResourceLoader
2019-06-16 14:50:24,032 - ResourceManager : found ServiceImpl.vm with loader org.apache.velocity.runtime.resource.loader.FileResourceLoader
2019-06-16 14:50:24,033 - ResourceManager : found Service.vm with loader org.apache.velocity.runtime.resource.loader.FileResourceLoader
2019-06-16 14:50:24,035 - ResourceManager : found ServiceMock.vm with loader org.apache.velocity.runtime.resource.loader.FileResourceLoader
2019-06-16 14:50:24,036 - ResourceManager : found ServiceImpl.vm with loader org.apache.velocity.runtime.resource.loader.FileResourceLoader
2019-06-16 14:50:24,038 - ResourceManager : found Service.vm with loader org.apache.velocity.runtime.resource.loader.FileResourceLoader
2019-06-16 14:50:24,039 - ResourceManager : found ServiceMock.vm with loader org.apache.velocity.runtime.resource.loader.FileResourceLoader
2019-06-16 14:50:24,040 - ResourceManager : found ServiceImpl.vm with loader org.apache.velocity.runtime.resource.loader.FileResourceLoader
2019-06-16 14:50:24,041 - ResourceManager : found Service.vm with loader org.apache.velocity.runtime.resource.loader.FileResourceLoader
2019-06-16 14:50:24,042 - ResourceManager : found ServiceMock.vm with loader org.apache.velocity.runtime.resource.loader.FileResourceLoader
2019-06-16 14:50:24,043 - ResourceManager : found ServiceImpl.vm with loader org.apache.velocity.runtime.resource.loader.FileResourceLoader
2019-06-16 14:50:24,044 - ResourceManager : found Service.vm with loader org.apache.velocity.runtime.resource.loader.FileResourceLoader
2019-06-16 14:50:24,045 - ResourceManager : found ServiceMock.vm with loader org.apache.velocity.runtime.resource.loader.FileResourceLoader
2019-06-16 14:50:24,046 - ResourceManager : found ServiceImpl.vm with loader org.apache.velocity.runtime.resource.loader.FileResourceLoader
2019-06-16 14:50:24,047 - ResourceManager : found Service.vm with loader org.apache.velocity.runtime.resource.loader.FileResourceLoader
2019-06-16 14:50:24,048 - ResourceManager : found ServiceMock.vm with loader org.apache.velocity.runtime.resource.loader.FileResourceLoader
2019-06-16 14:50:24,049 - ResourceManager : found ServiceImpl.vm with loader org.apache.velocity.runtime.resource.loader.FileResourceLoader
2019-06-16 14:50:24,050 - ResourceManager : found Service.vm with loader org.apache.velocity.runtime.resource.loader.FileResourceLoader
2019-06-16 14:50:24,051 - ResourceManager : found ServiceMock.vm with loader org.apache.velocity.runtime.resource.loader.FileResourceLoader
2019-06-16 14:50:24,052 - ResourceManager : found ServiceImpl.vm with loader org.apache.velocity.runtime.resource.loader.FileResourceLoader
2019-06-16 14:50:24,053 - ResourceManager : found Service.vm with loader org.apache.velocity.runtime.resource.loader.FileResourceLoader
2019-06-16 14:50:24,054 - ResourceManager : found ServiceMock.vm with loader org.apache.velocity.runtime.resource.loader.FileResourceLoader
2019-06-16 14:50:24,055 - ResourceManager : found ServiceImpl.vm with loader org.apache.velocity.runtime.resource.loader.FileResourceLoader
2019-06-16 14:50:24,056 - ResourceManager : found Service.vm with loader org.apache.velocity.runtime.resource.loader.FileResourceLoader
2019-06-16 14:50:24,057 - ResourceManager : found ServiceMock.vm with loader org.apache.velocity.runtime.resource.loader.FileResourceLoader
2019-06-16 14:50:24,057 - ResourceManager : found ServiceImpl.vm with loader org.apache.velocity.runtime.resource.loader.FileResourceLoader
2019-06-16 14:50:24,058 - ResourceManager : found Service.vm with loader org.apache.velocity.runtime.resource.loader.FileResourceLoader
2019-06-16 14:50:24,059 - ResourceManager : found ServiceMock.vm with loader org.apache.velocity.runtime.resource.loader.FileResourceLoader
2019-06-16 14:50:24,060 - ResourceManager : found ServiceImpl.vm with loader org.apache.velocity.runtime.resource.loader.FileResourceLoader
2019-06-16 14:50:24,061 - ResourceManager : found Service.vm with loader org.apache.velocity.runtime.resource.loader.FileResourceLoader
2019-06-16 14:50:24,061 - ResourceManager : found ServiceMock.vm with loader org.apache.velocity.runtime.resource.loader.FileResourceLoader
2019-06-16 14:50:24,062 - ResourceManager : found ServiceImpl.vm with loader org.apache.velocity.runtime.resource.loader.FileResourceLoader
